<?xml version="1.0" encoding="UTF-8"?>
<!-- Generated by org.testng.reporters.JUnitXMLReporter -->
<testsuite ignored="0" hostname="DESKTOP-5BQEVTL" failures="0" tests="12" name="Test" time="0.068" errors="0" timestamp="2022-08-15T16:02:18 IST">
  <testcase classname="Test_2.Test_8" name="A" time="0.004"/>
  <testcase classname="Test_2.Test_8" name="C" time="0.001"/>
  <testcase classname="Test_2.Test_7" name="B" time="0.001"/>
  <testcase classname="Test_2.Test_7" name="D" time="0.001"/>
  <testcase classname="Test_2.Test_7" name="A" time="0.001"/>
  <testcase classname="Test_2.Test_7" name="A" time="0.001"/>
  <testcase classname="Test_2.Test_7" name="A" time="0.001"/>
  <testcase classname="Test_2.Test_7" name="C" time="0.001"/>
  <testcase classname="Test_2.Test_7" name="C" time="0.001"/>
  <testcase classname="Test_2.Test_7" name="C" time="0.001"/>
  <testcase classname="Test_2.Test_2" name="Test_001" time="0.001"/>
  <testcase classname="Test_2.Test_2" name="Test_002" time="0.001"/>
</testsuite> <!-- Test -->
